0	1	mikroCARM.exe -MSF -DBG -pSTM32F105RC -BIN -LHF -DL -SSA -O11111114 -fo8 -N"C:\Users\Guardian\Desktop\Prodetics5\Optique.mcpar" -SP"C:\Users\Public\Documents\Mikroelektronika\mikroC PRO for ARM\Defs\" -SP"C:\Users\Public\Documents\Mikroelektronika\mikroC PRO for ARM\Uses\ST M3\" -SP"C:\Users\Guardian\Desktop\Prodetics5\" -IP"C:\Users\Public\Documents\Mikroelektronika\mikroC PRO for ARM\Uses\ST M3\" -IP"C:\Users\Guardian\Desktop\Prodetics5\" "Optique.c" "GLA.c" "__Lib_Math.emcl" "__Lib_MathDouble.emcl" "__Lib_Delays.emcl" "__Lib_System_105_107.emcl" "__Lib_GPIO_32F10x_Defs.emcl" "__Lib_GPIO_32F10x.emcl" "__Lib_CType.emcl" "__Lib_CString.emcl" "__Lib_CMath.emcl" "__Lib_Conversions.emcl" "__Lib_Sprintf.emcl" "__Lib_PrintOut.emcl" "__Lib_Sprinti.emcl" "__Lib_Sprintl.emcl" "__Lib_Time.emcl" "__Lib_Button.emcl" "__Lib_SoftI2C.emcl" "__Lib_SoftUART_32F1xx.emcl" "__Lib_I2C_12.emcl" "__Lib_UART_123_45.emcl" "__Lib_CAN_12.emcl"	 
diagnostics: 0	122	Compilation Started	Optique.c
hint: 0	1004	interrupt handler (EXTI1_IRQHandler at 0x0017)	Optique.c
diagnostics: 308	123	Compiled Successfully	Optique.c
hint: 284	1164	Variable 'temp' has been eliminated by optimizer	Optique.c
hint: 30	1164	Variable 'temp' has been eliminated by optimizer	Optique.c
hint: 118	1164	Variable 'temp' has been eliminated by optimizer	Optique.c
hint: 141	1164	Variable 'ID' has been eliminated by optimizer	Optique.c
hint: 143	1164	Variable 'Current' has been eliminated by optimizer	Optique.c
hint: 150	1164	Variable 'AmbiValue' has been eliminated by optimizer	Optique.c
hint: 151	1164	Variable 'InterruptStatus' has been eliminated by optimizer	Optique.c
hint: 152	1164	Variable 'InterruptControl' has been eliminated by optimizer	Optique.c
hint: 276	1164	Variable 'ID' has been eliminated by optimizer	Optique.c
hint: 278	1164	Variable 'Current' has been eliminated by optimizer	Optique.c
hint: 285	1164	Variable 'AmbiValue' has been eliminated by optimizer	Optique.c
hint: 286	1164	Variable 'InterruptStatus' has been eliminated by optimizer	Optique.c
hint: 287	1164	Variable 'InterruptControl' has been eliminated by optimizer	Optique.c
hint: 19	1164	Variable 'temp' has been eliminated by optimizer	Optique.c
hint: 15	1164	Variable 'temp' has been eliminated by optimizer	Optique.c
hint: 113	1164	Variable 'N_LED' has been eliminated by optimizer	Optique.c
hint: 217	1164	Variable 'compt' has been eliminated by optimizer	Optique.c
diagnostics: 0	122	Compilation Started	GLA.c
diagnostics: 0	123	Compiled Successfully	GLA.c
diagnostics: 0	127	All files Compiled in 842 ms	 
hint: 0	1144	Used RX: 16 (100%)   Free RX: 0 (0%)	Used RX: 16 (100%)   Free RX: 0 (0%)
hint: 0	1144	Static RAM (bytes): 1464   Dynamic RAM (bytes): 64069	Static RAM (bytes): 1464   Dynamic RAM (bytes): 64069
hint: 0	1144	Used ROM (bytes): 13337 (5%)  Free ROM (bytes): 248807 (95%)	Used ROM (bytes): 13337 (5%)  Free ROM (bytes): 248807 (95%)
diagnostics: 0	125	Project Linked Successfully	Optique.mcpar
diagnostics: 0	128	Linked in 1373 ms	 
diagnostics: 0	129	Project 'Optique.mcpar' completed: 3245 ms	 
diagnostics: 0	103	Finished successfully: 14 juil. 2017, 13:02:53	Optique.mcpar
